<?xml version="1.0" encoding="UTF-8"?>
<!-- Generated by org.testng.reporters.JUnitXMLReporter -->
<testsuite ignored="0" hostname="DESKTOP-PRE91RE" failures="0" tests="9" name="testng" time="287.93" errors="0" timestamp="2024-03-11T13:51:35 IST">
  <testcase classname="tests.test_01" name="tc_01" time="58.041"/>
  <testcase classname="tests.test_03" name="tc_03" time="33.132"/>
  <testcase classname="tests.test_02" name="tc_02" time="12.092"/>
  <testcase classname="tests.test_05" name="tc_05" time="29.818"/>
  <testcase classname="tests.test_04" name="tc_04" time="27.068"/>
  <testcase classname="tests.test_07" name="tc_07" time="11.482"/>
  <testcase classname="tests.test_06" name="tc_06" time="18.338"/>
  <testcase classname="tests.test_09" name="tc_09" time="40.007"/>
  <testcase classname="tests.test_08" name="tc_08" time="22.619"/>
</testsuite> <!-- testng -->
