<?xml version="1.0" encoding="UTF-8"?>
<testng-results ignored="0" total="9" passed="9" failed="0" skipped="0">
  <reporter-output>
  </reporter-output>
  <suite started-at="2024-03-11T13:46:47 IST" name="Suite" finished-at="2024-03-11T13:51:35 IST" duration-ms="287930">
    <groups>
    </groups>
    <test started-at="2024-03-11T13:46:47 IST" name="testng" finished-at="2024-03-11T13:51:35 IST" duration-ms="287930">
      <class name="tests.test_03">
        <test-method is-config="true" signature="setup()[pri:0, instance:tests.test_03@5bfc257]" started-at="2024-03-11T13:47:55 IST" name="setup" finished-at="2024-03-11T13:47:58 IST" duration-ms="2853" status="PASS">
          <reporter-output>
          </reporter-output>
        </test-method> <!-- setup -->
        <test-method signature="tc_03()[pri:0, instance:tests.test_03@5bfc257]" started-at="2024-03-11T13:47:58 IST" name="tc_03" finished-at="2024-03-11T13:48:31 IST" duration-ms="33132" status="PASS">
          <reporter-output>
          </reporter-output>
        </test-method> <!-- tc_03 -->
        <test-method is-config="true" signature="tearDown()[pri:0, instance:tests.test_03@5bfc257]" started-at="2024-03-11T13:48:31 IST" name="tearDown" finished-at="2024-03-11T13:48:32 IST" duration-ms="534" status="PASS">
          <reporter-output>
          </reporter-output>
        </test-method> <!-- tearDown -->
      </class> <!-- tests.test_03 -->
      <class name="tests.test_02">
        <test-method is-config="true" signature="setup()[pri:0, instance:tests.test_02@34523d46]" started-at="2024-03-11T13:48:32 IST" name="setup" finished-at="2024-03-11T13:48:35 IST" duration-ms="2582" status="PASS">
          <reporter-output>
          </reporter-output>
        </test-method> <!-- setup -->
        <test-method signature="tc_02()[pri:0, instance:tests.test_02@34523d46]" started-at="2024-03-11T13:48:35 IST" name="tc_02" finished-at="2024-03-11T13:48:47 IST" duration-ms="12092" status="PASS">
          <reporter-output>
          </reporter-output>
        </test-method> <!-- tc_02 -->
        <test-method is-config="true" signature="tearDown()[pri:0, instance:tests.test_02@34523d46]" started-at="2024-03-11T13:48:47 IST" name="tearDown" finished-at="2024-03-11T13:48:47 IST" duration-ms="777" status="PASS">
          <reporter-output>
          </reporter-output>
        </test-method> <!-- tearDown -->
      </class> <!-- tests.test_02 -->
      <class name="tests.test_01">
        <test-method is-config="true" signature="setup()[pri:0, instance:tests.test_01@11a7ba62]" started-at="2024-03-11T13:46:47 IST" name="setup" finished-at="2024-03-11T13:46:57 IST" duration-ms="9726" status="PASS">
          <reporter-output>
          </reporter-output>
        </test-method> <!-- setup -->
        <test-method signature="tc_01()[pri:0, instance:tests.test_01@11a7ba62]" started-at="2024-03-11T13:46:57 IST" name="tc_01" finished-at="2024-03-11T13:47:55 IST" duration-ms="58041" status="PASS">
          <reporter-output>
          </reporter-output>
        </test-method> <!-- tc_01 -->
        <test-method is-config="true" signature="tearDown()[pri:0, instance:tests.test_01@11a7ba62]" started-at="2024-03-11T13:47:55 IST" name="tearDown" finished-at="2024-03-11T13:47:55 IST" duration-ms="593" status="PASS">
          <reporter-output>
          </reporter-output>
        </test-method> <!-- tearDown -->
      </class> <!-- tests.test_01 -->
      <class name="tests.test_07">
        <test-method is-config="true" signature="setup()[pri:0, instance:tests.test_07@5d235104]" started-at="2024-03-11T13:49:51 IST" name="setup" finished-at="2024-03-11T13:49:52 IST" duration-ms="1894" status="PASS">
          <reporter-output>
          </reporter-output>
        </test-method> <!-- setup -->
        <test-method signature="tc_07()[pri:0, instance:tests.test_07@5d235104]" started-at="2024-03-11T13:49:52 IST" name="tc_07" finished-at="2024-03-11T13:50:04 IST" duration-ms="11482" status="PASS">
          <reporter-output>
          </reporter-output>
        </test-method> <!-- tc_07 -->
        <test-method is-config="true" signature="tearDown()[pri:0, instance:tests.test_07@5d235104]" started-at="2024-03-11T13:50:04 IST" name="tearDown" finished-at="2024-03-11T13:50:05 IST" duration-ms="563" status="PASS">
          <reporter-output>
          </reporter-output>
        </test-method> <!-- tearDown -->
      </class> <!-- tests.test_07 -->
      <class name="tests.test_06">
        <test-method is-config="true" signature="setup()[pri:0, instance:tests.test_06@4e8e8621]" started-at="2024-03-11T13:50:05 IST" name="setup" finished-at="2024-03-11T13:50:07 IST" duration-ms="2482" status="PASS">
          <reporter-output>
          </reporter-output>
        </test-method> <!-- setup -->
        <test-method signature="tc_06()[pri:0, instance:tests.test_06@4e8e8621]" started-at="2024-03-11T13:50:07 IST" name="tc_06" finished-at="2024-03-11T13:50:25 IST" duration-ms="18338" status="PASS">
          <reporter-output>
          </reporter-output>
        </test-method> <!-- tc_06 -->
        <test-method is-config="true" signature="tearDown()[pri:0, instance:tests.test_06@4e8e8621]" started-at="2024-03-11T13:50:25 IST" name="tearDown" finished-at="2024-03-11T13:50:26 IST" duration-ms="554" status="PASS">
          <reporter-output>
          </reporter-output>
        </test-method> <!-- tearDown -->
      </class> <!-- tests.test_06 -->
      <class name="tests.test_05">
        <test-method is-config="true" signature="setup()[pri:0, instance:tests.test_05@7cedfa63]" started-at="2024-03-11T13:48:47 IST" name="setup" finished-at="2024-03-11T13:48:50 IST" duration-ms="2473" status="PASS">
          <reporter-output>
          </reporter-output>
        </test-method> <!-- setup -->
        <test-method signature="tc_05()[pri:0, instance:tests.test_05@7cedfa63]" started-at="2024-03-11T13:48:50 IST" name="tc_05" finished-at="2024-03-11T13:49:20 IST" duration-ms="29818" status="PASS">
          <reporter-output>
          </reporter-output>
        </test-method> <!-- tc_05 -->
        <test-method is-config="true" signature="tearDown()[pri:0, instance:tests.test_05@7cedfa63]" started-at="2024-03-11T13:49:20 IST" name="tearDown" finished-at="2024-03-11T13:49:20 IST" duration-ms="606" status="PASS">
          <reporter-output>
          </reporter-output>
        </test-method> <!-- tearDown -->
      </class> <!-- tests.test_05 -->
      <class name="tests.test_04">
        <test-method is-config="true" signature="setup()[pri:0, instance:tests.test_04@783efb48]" started-at="2024-03-11T13:49:20 IST" name="setup" finished-at="2024-03-11T13:49:23 IST" duration-ms="2551" status="PASS">
          <reporter-output>
          </reporter-output>
        </test-method> <!-- setup -->
        <test-method signature="tc_04()[pri:0, instance:tests.test_04@783efb48]" started-at="2024-03-11T13:49:23 IST" name="tc_04" finished-at="2024-03-11T13:49:50 IST" duration-ms="27068" status="PASS">
          <reporter-output>
          </reporter-output>
        </test-method> <!-- tc_04 -->
        <test-method is-config="true" signature="tearDown()[pri:0, instance:tests.test_04@783efb48]" started-at="2024-03-11T13:49:50 IST" name="tearDown" finished-at="2024-03-11T13:49:51 IST" duration-ms="586" status="PASS">
          <reporter-output>
          </reporter-output>
        </test-method> <!-- tearDown -->
      </class> <!-- tests.test_04 -->
      <class name="tests.test_09">
        <test-method is-config="true" signature="setup()[pri:0, instance:tests.test_09@c446b14]" started-at="2024-03-11T13:50:26 IST" name="setup" finished-at="2024-03-11T13:50:28 IST" duration-ms="2275" status="PASS">
          <reporter-output>
          </reporter-output>
        </test-method> <!-- setup -->
        <test-method signature="tc_09()[pri:0, instance:tests.test_09@c446b14]" started-at="2024-03-11T13:50:28 IST" name="tc_09" finished-at="2024-03-11T13:51:08 IST" duration-ms="40007" status="PASS">
          <reporter-output>
          </reporter-output>
        </test-method> <!-- tc_09 -->
        <test-method is-config="true" signature="tearDown()[pri:0, instance:tests.test_09@c446b14]" started-at="2024-03-11T13:51:08 IST" name="tearDown" finished-at="2024-03-11T13:51:09 IST" duration-ms="549" status="PASS">
          <reporter-output>
          </reporter-output>
        </test-method> <!-- tearDown -->
      </class> <!-- tests.test_09 -->
      <class name="tests.test_08">
        <test-method is-config="true" signature="setup()[pri:0, instance:tests.test_08@3af356f]" started-at="2024-03-11T13:51:09 IST" name="setup" finished-at="2024-03-11T13:51:12 IST" duration-ms="2774" status="PASS">
          <reporter-output>
          </reporter-output>
        </test-method> <!-- setup -->
        <test-method signature="tc_08()[pri:0, instance:tests.test_08@3af356f]" started-at="2024-03-11T13:51:12 IST" name="tc_08" finished-at="2024-03-11T13:51:34 IST" duration-ms="22619" status="PASS">
          <reporter-output>
          </reporter-output>
        </test-method> <!-- tc_08 -->
        <test-method is-config="true" signature="tearDown()[pri:0, instance:tests.test_08@3af356f]" started-at="2024-03-11T13:51:34 IST" name="tearDown" finished-at="2024-03-11T13:51:35 IST" duration-ms="550" status="PASS">
          <reporter-output>
          </reporter-output>
        </test-method> <!-- tearDown -->
      </class> <!-- tests.test_08 -->
    </test> <!-- testng -->
  </suite> <!-- Suite -->
</testng-results>
