<?xml version="1.0" encoding="UTF-8"?>
<testsuite xmlns:xsi="http://www.w3.org/2001/XMLSchema-instance" xsi:noNamespaceSchemaLocation="https://maven.apache.org/surefire/maven-surefire-plugin/xsd/surefire-test-report-3.0.xsd" version="3.0" name="TestSuite" time="290.872" tests="9" errors="0" skipped="0" failures="0">
  <properties>
[...]
</properties>
  <testcase name="tc_01" classname="tests.test_01" time="58.216">
    <system-out><![CDATA[Swag Labs
Swag Labs
Swag Labs
Swag Labs
]]></system-out>
    <system-err><![CDATA[SLF4J: Failed to load class "org.slf4j.impl.StaticLoggerBinder".
SLF4J: Defaulting to no-operation (NOP) logger implementation
SLF4J: See http://www.slf4j.org/codes.html#StaticLoggerBinder for further details.
]]></system-err>
  </testcase>
  <testcase name="tc_03" classname="tests.test_03" time="33.14">
    <system-out><![CDATA[1362
1636
]]></system-out>
  </testcase>
  <testcase name="tc_02" classname="tests.test_02" time="12.088"/>
  <testcase name="tc_05" classname="tests.test_05" time="29.812"/>
  <testcase name="tc_04" classname="tests.test_04" time="27.068"/>
  <testcase name="tc_07" classname="tests.test_07" time="11.485"/>
  <testcase name="tc_06" classname="tests.test_06" time="18.328"/>
  <testcase name="tc_09" classname="tests.test_09" time="40.01">
    <system-out><![CDATA[1362
1636
]]></system-out>
  </testcase>
  <testcase name="tc_08" classname="tests.test_08" time="22.619">
    <system-out><![CDATA[218
492
]]></system-out>
  </testcase>
</testsuite>